<?xml version="1.0" encoding="UTF-8"?>
<!-- Generated by org.testng.reporters.JUnitReportReporter -->
<testsuite hostname="Vaishakhs-MacBook-Air.local" failures="0" tests="2" name="Restfulbooker.DefaultValues1" time="3.382" errors="0" timestamp="2025-07-07T22:16:10 IST" skipped="0">
  <testcase classname="Restfulbooker.DefaultValues1" name="createBooking2" time="1.851"/>
  <testcase classname="Restfulbooker.DefaultValues1" name="createBookin1" time="1.531"/>
</testsuite> <!-- Restfulbooker.DefaultValues1 -->
