<?xml version="1.0" encoding="UTF-8"?>
<!-- Generated by org.testng.reporters.JUnitReportReporter -->
<testsuite hostname="Vaishakhs-MacBook-Air.local" failures="0" tests="1" name="JsonPathEgs.JsonPathIntro" time="0.333" errors="0" timestamp="2025-07-09T20:13:20 IST" skipped="0">
  <testcase classname="JsonPathEgs.JsonPathIntro" name="jsonPathDemo" time="0.333"/>
</testsuite> <!-- JsonPathEgs.JsonPathIntro -->
