<?xml version="1.0" encoding="UTF-8"?>
<!-- Generated by org.testng.reporters.JUnitReportReporter -->
<testsuite hostname="Vaishakhs-MacBook-Air.local" failures="0" tests="1" name="JsonPathEgs.JsonPathNonExistence" time="0.232" errors="0" timestamp="2025-07-14T10:29:27 IST" skipped="0">
  <testcase classname="JsonPathEgs.JsonPathNonExistence" name="jsonPathDemo" time="0.232"/>
</testsuite> <!-- JsonPathEgs.JsonPathNonExistence -->
