<?xml version="1.0" encoding="UTF-8"?>
<!-- Generated by org.testng.reporters.JUnitReportReporter -->
<testsuite hostname="Vaishakhs-MacBook-Air.local" failures="0" tests="2" name="Restfulbooker.DefaultValues1" time="3.756" errors="0" timestamp="2025-07-07T20:46:54 IST" skipped="0">
  <testcase classname="Restfulbooker.DefaultValues1" name="createBooking2" time="1.601"/>
  <testcase classname="Restfulbooker.DefaultValues1" name="createBookin1" time="2.155"/>
</testsuite> <!-- Restfulbooker.DefaultValues1 -->
