<?xml version="1.0" encoding="UTF-8"?>
<!-- Generated by org.testng.reporters.JUnitReportReporter -->
<testsuite hostname="Vaishakhs-MacBook-Air.local" failures="0" tests="1" name="JsonPathEgs.JsonPathNonExistence" time="0.212" errors="0" timestamp="2025-07-10T20:27:57 IST" skipped="0">
  <testcase classname="JsonPathEgs.JsonPathNonExistence" name="jsonPathDemo" time="0.212"/>
</testsuite> <!-- JsonPathEgs.JsonPathNonExistence -->
